<?xml version="1.0" encoding="UTF-8"?>
<testng-results ignored="0" total="1" passed="1" failed="0" skipped="0">
  <reporter-output>
  </reporter-output>
  <suite started-at="2020-07-12T10:11:14 IST" name="Suite" finished-at="2020-07-12T10:11:24 IST" duration-ms="10353">
    <groups>
    </groups>
    <test started-at="2020-07-12T10:11:14 IST" name="Test" finished-at="2020-07-12T10:11:24 IST" duration-ms="10353">
      <class name="Test.NewTest">
        <test-method signature="f()[pri:0, instance:Test.NewTest@400cff1a]" started-at="2020-07-12T10:11:14 IST" name="f" finished-at="2020-07-12T10:11:24 IST" duration-ms="10300" status="PASS">
          <reporter-output>
          </reporter-output>
        </test-method> <!-- f -->
      </class> <!-- Test.NewTest -->
    </test> <!-- Test -->
  </suite> <!-- Suite -->
</testng-results>
